<?xml version="1.0" encoding="UTF-8"?>
<testsuite xmlns:xsi="http://www.w3.org/2001/XMLSchema-instance" xsi:noNamespaceSchemaLocation="https://maven.apache.org/surefire/maven-surefire-plugin/xsd/surefire-test-report-3.0.xsd" version="3.0" name="com.selenium.runners.TestRunner" time="9.245" tests="1" errors="0" skipped="0" failures="0">
  <properties>
[...]
</properties>
  <testcase name="TC02 - Validar mensaje de error cuando no se ingresa usuario" classname="Login en Test QAcademy" time="8.356">
    <system-out><![CDATA[
@login @regression @negative @TC02
Escenario: TC02 - Validar mensaje de error cuando no se ingresa usuario &amp#27;[90m# src/test/resources/features/login.feature:17&amp#27;[0m
====================================
Iniciando escenario: TC02 - Validar mensaje de error cuando no se ingresa usuario
====================================
Paso 1: Navegar a la página de login
Screenshot guardado: screenshots/1_Navegar_a_la_p_gina_de_login_20251002_175251.png
  &amp#27;[32mDado &amp#27;[0m&amp#27;[32mque navego a la pÃ¡gina de login&amp#27;[0m                                  &amp#27;[90m# com.selenium.stepdefinitions.LoginSteps.queNavegoALaPaginaDeLogin()&amp#27;[0m
Paso 2: Limpiar campo de usuario
Screenshot guardado: screenshots/2_Limpiar_campo_de_usuario_20251002_175252.png
  &amp#27;[32mCuando &amp#27;[0m&amp#27;[32mlimpio el campo de usuario&amp#27;[0m                                     &amp#27;[90m# com.selenium.stepdefinitions.LoginSteps.limpioElCampoDeUsuario()&amp#27;[0m
Paso 3: Ingresar contraseña
Screenshot guardado: screenshots/3_Ingresar_contrase_a_20251002_175253.png
  &amp#27;[32mY &amp#27;[0m&amp#27;[32mingreso la contraseÃ±a &amp#27;[0m&amp#27;[32m&amp#27;[1m"123456"&amp#27;[0m                                      &amp#27;[90m# com.selenium.stepdefinitions.LoginSteps.ingresoLaContrasena(java.lang.String)&amp#27;[0m
Paso 4: Hacer clic en botón login
Screenshot guardado: screenshots/4_Hacer_clic_en_bot_n_login_20251002_175254.png
  &amp#27;[32mY &amp#27;[0m&amp#27;[32mhago clic en el botÃ³n de login&amp#27;[0m                                      &amp#27;[90m# com.selenium.stepdefinitions.LoginSteps.hagoClicEnElBotonDeLogin()&amp#27;[0m
Paso 5: Validar mensaje de error de usuario requerido
Screenshot guardado: screenshots/5_Validar_mensaje_de_error_de_usuario_requerido_20251002_175255.png
  &amp#27;[32mEntonces &amp#27;[0m&amp#27;[32mdebo ver el mensaje de error de usuario requerido&amp#27;[0m            &amp#27;[90m# com.selenium.stepdefinitions.LoginSteps.deboVerElMensajeDeErrorDeUsuarioRequerido()&amp#27;[0m
====================================
Escenario EXITOSO: TC02 - Validar mensaje de error cuando no se ingresa usuario
====================================

Reporte generado: test-reports/Reporte_TC02___Validar_mensaje_de_error_cuando_no_se_ingresa_usuario_1759445575451.docx
]]></system-out>
    <system-err><![CDATA[[main] INFO io.github.bonigarcia.wdm.WebDriverManager - Using chromedriver 140.0.7339.207 (resolved driver for Chrome 140)
[main] INFO io.github.bonigarcia.wdm.WebDriverManager - Exporting webdriver.chrome.driver as C:\Users\Rodrigo\.cache\selenium\chromedriver\win64\140.0.7339.207\chromedriver.exe
oct. 02, 2025 5:52:49 P. M. org.openqa.selenium.devtools.CdpVersionFinder findNearestMatch
ADVERTENCIA: Unable to find CDP implementation matching 140
oct. 02, 2025 5:52:49 P. M. org.openqa.selenium.chromium.ChromiumDriver lambda$new$5
ADVERTENCIA: Unable to find version of CDP to use for 140.0.7339.208. You may need to include a dependency on a specific version of the CDP using something similar to `org.seleniumhq.selenium:selenium-devtools-v86:4.15.0` where the version ("v86") matches the version of the chromium-based browser you're using and the version number of the artifact is the same as Selenium's.
]]></system-err>
  </testcase>
</testsuite>